<?xml version="1.0" encoding="UTF-8"?>
<testsuite name="FileValidator_Tester" tests="4" skipped="0" failures="0" errors="0" timestamp="2024-11-26T04:57:50" hostname="seoul" time="0.002">
  <properties/>
  <testcase name="nonexistantFilesFail()" classname="FileValidator_Tester" time="0.001"/>
  <testcase name="objectCreationSuccess()" classname="FileValidator_Tester" time="0.0"/>
  <testcase name="emptyFilesFail()" classname="FileValidator_Tester" time="0.001"/>
  <testcase name="defaultConstructorDoesNothing()" classname="FileValidator_Tester" time="0.0"/>
  <system-out><![CDATA[]]></system-out>
  <system-err><![CDATA[Error - the filename (/s/bach/n/under/nawrigh7/CS214_FA24/pa9-nawrigh7/input_files/nothere.txt) supplied at the command line does not exist.
Error - the supplied file was found to be empty
]]></system-err>
</testsuite>
