<?xml version="1.0" encoding="UTF-8"?>
<testsuite name="Comparitor_Tester" tests="4" skipped="0" failures="0" errors="0" timestamp="2024-11-26T04:57:50" hostname="seoul" time="0.002">
  <properties/>
  <testcase name="verifyDefaultComparitorDoesNothing()" classname="Comparitor_Tester" time="0.0"/>
  <testcase name="verifyFlippedCompareReturnsExpectedResults()" classname="Comparitor_Tester" time="0.001"/>
  <testcase name="verifyCompareReturnsExpectedResult()" classname="Comparitor_Tester" time="0.0"/>
  <testcase name="verifyComparitorConstructorSuccess()" classname="Comparitor_Tester" time="0.001"/>
  <system-out><![CDATA[]]></system-out>
  <system-err><![CDATA[]]></system-err>
</testsuite>
