<?xml version="1.0" encoding="UTF-8"?>
<testsuite name="Perceptron_Tester" tests="4" skipped="0" failures="0" errors="0" timestamp="2024-11-26T04:57:50" hostname="seoul" time="0.001">
  <properties/>
  <testcase name="defaultConstructorImageClassNegative()" classname="Perceptron_Tester" time="0.0"/>
  <testcase name="verifyToString()" classname="Perceptron_Tester" time="0.001"/>
  <testcase name="verifyHistListSuccess()" classname="Perceptron_Tester" time="0.0"/>
  <testcase name="setImageClassWorksAsExpected()" classname="Perceptron_Tester" time="0.0"/>
  <system-out><![CDATA[]]></system-out>
  <system-err><![CDATA[]]></system-err>
</testsuite>
