<?xml version="1.0" encoding="UTF-8"?>
<testsuite name="Cluster_Tester" tests="7" skipped="0" failures="0" errors="0" timestamp="2024-11-26T04:57:50" hostname="seoul" time="0.006">
  <properties/>
  <testcase name="verifyClusterDefaultDoesNothing()" classname="Cluster_Tester" time="0.0"/>
  <testcase name="verifyAvgHistogramInCluster()" classname="Cluster_Tester" time="0.001"/>
  <testcase name="verifyRemovingHistThatDoesNotExistFails()" classname="Cluster_Tester" time="0.001"/>
  <testcase name="verifyRemovingHistogramReturnsCorrect()" classname="Cluster_Tester" time="0.0"/>
  <testcase name="verifyAddingToEmptyCluster()" classname="Cluster_Tester" time="0.0"/>
  <testcase name="verifyOneArgConstructorIncreasesCount()" classname="Cluster_Tester" time="0.0"/>
  <testcase name="verifyRemovingHistRemovesName()" classname="Cluster_Tester" time="0.002"/>
  <system-out><![CDATA[]]></system-out>
  <system-err><![CDATA[Error - that Histogram is not in this cluster
]]></system-err>
</testsuite>
