<?xml version="1.0" encoding="UTF-8"?>
<testsuite name="Extension_Tester" tests="4" skipped="0" failures="0" errors="0" timestamp="2024-11-26T04:57:50" hostname="seoul" time="0.002">
  <properties/>
  <testcase name="objectCreationSuccess()" classname="Extension_Tester" time="0.0"/>
  <testcase name="stringTooSmallThrows()" classname="Extension_Tester" time="0.0"/>
  <testcase name="incorrectExtensionReturnsFalse()" classname="Extension_Tester" time="0.001"/>
  <testcase name="correctExtensionReturnsTrue()" classname="Extension_Tester" time="0.0"/>
  <system-out><![CDATA[]]></system-out>
  <system-err><![CDATA[Error - the supplied string (sho) is too short to possibly be a valid file.
]]></system-err>
</testsuite>
